[2025-07-07 17:13:12] INFO: Library Management System starting...
[2025-07-07 17:13:12] INFO: Configuration loaded from: config/database.properties
[2025-07-07 17:13:12] INFO: Database tables initialized successfully
[2025-07-07 17:13:12] INFO: Database initialized successfully
[2025-07-07 17:13:28] INFO: Library Management System starting...
[2025-07-07 17:13:29] INFO: Configuration loaded from: config/database.properties
[2025-07-07 17:13:29] INFO: Library Management System starting...
[2025-07-07 17:13:29] INFO: Configuration loaded from: config/database.properties
[2025-07-07 17:13:29] INFO: Database tables initialized successfully
[2025-07-07 17:13:29] INFO: Database initialized successfully
[2025-07-07 17:13:29] INFO: Database tables initialized successfully
[2025-07-07 17:13:29] INFO: Database initialized successfully
[2025-07-07 17:13:41] INFO: Library Management System starting...
[2025-07-07 17:13:41] INFO: Configuration loaded from: config/database.properties
[2025-07-07 17:13:41] INFO: Database tables initialized successfully
[2025-07-07 17:13:41] INFO: Database initialized successfully
[2025-07-07 17:25:30] INFO: Library Management System starting...
[2025-07-07 17:25:30] INFO: Configuration loaded from: config/database.properties
[2025-07-07 17:25:31] INFO: Database tables initialized successfully
[2025-07-07 17:25:31] INFO: Database initialized successfully
[2025-07-07 17:25:50] INFO: Library Management System starting...
[2025-07-07 17:25:50] INFO: Configuration loaded from: config/database.properties
[2025-07-07 17:25:50] INFO: Database tables initialized successfully
[2025-07-07 17:25:50] INFO: Database initialized successfully
[2025-07-07 17:26:07] INFO: Library Management System starting...
[2025-07-07 17:26:07] INFO: Configuration loaded from: config/database.properties
[2025-07-07 17:26:08] INFO: Database tables initialized successfully
[2025-07-07 17:26:08] INFO: Database initialized successfully
[2025-07-07 17:32:14] INFO: Member registered: biruk gebre (ID: 0112)
